<?xml version="1.0" encoding="UTF-8"?>
<testng-results skipped="1" failed="1" total="3" passed="1">
  <reporter-output>
  </reporter-output>
  <suite name="Default suite" duration-ms="38344" started-at="2018-03-22T14:05:56Z" finished-at="2018-03-22T14:06:34Z">
    <groups>
    </groups>
    <test name="Default test" duration-ms="38344" started-at="2018-03-22T14:05:56Z" finished-at="2018-03-22T14:06:34Z">
      <class name="utility.Sample1Test2">
        <test-method status="PASS" signature="loadBrowser()[pri:0, instance:utility.Sample1Test2@7ce69770]" name="loadBrowser" is-config="true" duration-ms="29166" started-at="2018-03-22T19:35:56Z" finished-at="2018-03-22T19:36:25Z">
          <reporter-output>
          </reporter-output>
        </test-method> <!-- loadBrowser -->
        <test-method status="PASS" signature="homepageTest()[pri:0, instance:utility.Sample1Test2@7ce69770]" name="homepageTest" duration-ms="25" started-at="2018-03-22T19:36:25Z" finished-at="2018-03-22T19:36:25Z">
          <reporter-output>
          </reporter-output>
        </test-method> <!-- homepageTest -->
        <test-method status="FAIL" signature="loginLinkTest()[pri:0, instance:utility.Sample1Test2@7ce69770]" name="loginLinkTest" duration-ms="8756" started-at="2018-03-22T19:36:25Z" depends-on-methods="utility.Sample1Test2.homepageTest" finished-at="2018-03-22T19:36:34Z">
          <exception class="java.lang.AssertionError">
            <message>
              <![CDATA[expected [Client Area1 - PHPTRAVELS] but found [Client Area - PHPTRAVELS]]]>
            </message>
            <full-stacktrace>
              <![CDATA[java.lang.AssertionError: expected [Client Area1 - PHPTRAVELS] but found [Client Area - PHPTRAVELS]
	at org.testng.Assert.fail(Assert.java:94)
	at org.testng.Assert.failNotEquals(Assert.java:494)
	at org.testng.Assert.assertEquals(Assert.java:123)
	at org.testng.Assert.assertEquals(Assert.java:176)
	at org.testng.Assert.assertEquals(Assert.java:186)
	at utility.Sample1Test2.loginLinkTest(Sample1Test2.java:45)
	at sun.reflect.NativeMethodAccessorImpl.invoke0(Native Method)
	at sun.reflect.NativeMethodAccessorImpl.invoke(NativeMethodAccessorImpl.java:62)
	at sun.reflect.DelegatingMethodAccessorImpl.invoke(DelegatingMethodAccessorImpl.java:43)
	at java.lang.reflect.Method.invoke(Method.java:497)
	at org.testng.internal.MethodInvocationHelper.invokeMethod(MethodInvocationHelper.java:80)
	at org.testng.internal.Invoker.invokeMethod(Invoker.java:714)
	at org.testng.internal.Invoker.invokeTestMethod(Invoker.java:901)
	at org.testng.internal.Invoker.invokeTestMethods(Invoker.java:1231)
	at org.testng.internal.TestMethodWorker.invokeTestMethods(TestMethodWorker.java:127)
	at org.testng.internal.TestMethodWorker.run(TestMethodWorker.java:111)
	at org.testng.TestRunner.privateRun(TestRunner.java:767)
	at org.testng.TestRunner.run(TestRunner.java:617)
	at org.testng.SuiteRunner.runTest(SuiteRunner.java:334)
	at org.testng.SuiteRunner.runSequentially(SuiteRunner.java:329)
	at org.testng.SuiteRunner.privateRun(SuiteRunner.java:291)
	at org.testng.SuiteRunner.run(SuiteRunner.java:240)
	at org.testng.SuiteRunnerWorker.runSuite(SuiteRunnerWorker.java:52)
	at org.testng.SuiteRunnerWorker.run(SuiteRunnerWorker.java:86)
	at org.testng.TestNG.runSuitesSequentially(TestNG.java:1198)
	at org.testng.TestNG.runSuitesLocally(TestNG.java:1123)
	at org.testng.TestNG.run(TestNG.java:1031)
	at org.testng.remote.AbstractRemoteTestNG.run(AbstractRemoteTestNG.java:114)
	at org.testng.remote.RemoteTestNG.initAndRun(RemoteTestNG.java:251)
	at org.testng.remote.RemoteTestNG.main(RemoteTestNG.java:77)
]]>
            </full-stacktrace>
          </exception> <!-- java.lang.AssertionError -->
          <reporter-output>
          </reporter-output>
        </test-method> <!-- loginLinkTest -->
        <test-method status="SKIP" signature="checkLoginpageAndTryLogin()[pri:0, instance:utility.Sample1Test2@7ce69770]" name="checkLoginpageAndTryLogin" duration-ms="0" started-at="2018-03-22T19:36:34Z" depends-on-methods="utility.Sample1Test2.loginLinkTest" finished-at="2018-03-22T19:36:34Z">
          <reporter-output>
          </reporter-output>
        </test-method> <!-- checkLoginpageAndTryLogin -->
      </class> <!-- utility.Sample1Test2 -->
    </test> <!-- Default test -->
  </suite> <!-- Default suite -->
</testng-results>
